# JRE version: Java(TM) SE Runtime Environment (8.0_191-b12) (build 1.8.0_191-b12)
# Java VM: Java HotSpot(TM) 64-Bit Server VM (25.191-b12 mixed mode windows-amd64 compressed oops)
Heap:
 PSYoungGen      total 25088K, used 15868K [0x00000000d5f00000, 0x00000000d8a00000, 0x0000000100000000)
  eden space 24576K, 64% used [0x00000000d5f00000,0x00000000d6e67268,0x00000000d7700000)
  from space 512K, 18% used [0x00000000d8900000,0x00000000d8918000,0x00000000d8980000)
  to   space 512K, 0% used [0x00000000d8980000,0x00000000d8980000,0x00000000d8a00000)
 ParOldGen       total 87552K, used 22894K [0x0000000081c00000, 0x0000000087180000, 0x00000000d5f00000)
  object space 87552K, 26% used [0x0000000081c00000,0x000000008325b808,0x0000000087180000)
 Metaspace       used 19999K, capacity 20270K, committed 20608K, reserved 1067008K
  class space    used 2347K, capacity 2412K, committed 2432K, reserved 1048576K
GC Heap History (10 events):
Event: 2225.027 GC heap before
{Heap before GC invocations=179 (full 0):
 PSYoungGen      total 27648K, used 27264K [0x00000000d5f00000, 0x00000000d8a00000, 0x0000000100000000)
  eden space 27136K, 100% used [0x00000000d5f00000,0x00000000d7980000,0x00000000d7980000)
  from space 512K, 25% used [0x00000000d8980000,0x00000000d89a0000,0x00000000d8a00000)
  to   space 512K, 0% used [0x00000000d8900000,0x00000000d8900000,0x00000000d8980000)
 ParOldGen       total 87552K, used 22767K [0x0000000081c00000, 0x0000000087180000, 0x00000000d5f00000)
  object space 87552K, 26% used [0x0000000081c00000,0x000000008323bfb8,0x0000000087180000)
 Metaspace       used 19924K, capacity 20206K, committed 20608K, reserved 1067008K
  class space    used 2346K, capacity 2412K, committed 2432K, reserved 1048576K
Event: 2225.028 GC heap after
Heap after GC invocations=179 (full 0):
 PSYoungGen      total 27136K, used 128K [0x00000000d5f00000, 0x00000000d8a00000, 0x0000000100000000)
  eden space 26624K, 0% used [0x00000000d5f00000,0x00000000d5f00000,0x00000000d7900000)
  from space 512K, 25% used [0x00000000d8900000,0x00000000d8920000,0x00000000d8980000)
  to   space 512K, 0% used [0x00000000d8980000,0x00000000d8980000,0x00000000d8a00000)
 ParOldGen       total 87552K, used 22791K [0x0000000081c00000, 0x0000000087180000, 0x00000000d5f00000)
  object space 87552K, 26% used [0x0000000081c00000,0x0000000083241fb8,0x0000000087180000)
 Metaspace       used 19924K, capacity 20206K, committed 20608K, reserved 1067008K
  class space    used 2346K, capacity 2412K, committed 2432K, reserved 1048576K
}
Event: 2226.529 GC heap before
{Heap before GC invocations=180 (full 0):
 PSYoungGen      total 27136K, used 26752K [0x00000000d5f00000, 0x00000000d8a00000, 0x0000000100000000)
  eden space 26624K, 100% used [0x00000000d5f00000,0x00000000d7900000,0x00000000d7900000)
  from space 512K, 25% used [0x00000000d8900000,0x00000000d8920000,0x00000000d8980000)
  to   space 512K, 0% used [0x00000000d8980000,0x00000000d8980000,0x00000000d8a00000)
 ParOldGen       total 87552K, used 22791K [0x0000000081c00000, 0x0000000087180000, 0x00000000d5f00000)
  object space 87552K, 26% used [0x0000000081c00000,0x0000000083241fb8,0x0000000087180000)
 Metaspace       used 19926K, capacity 20206K, committed 20608K, reserved 1067008K
  class space    used 2346K, capacity 2412K, committed 2432K, reserved 1048576K
Event: 2226.530 GC heap after
Heap after GC invocations=180 (full 0):
 PSYoungGen      total 26624K, used 96K [0x00000000d5f00000, 0x00000000d8a00000, 0x0000000100000000)
  eden space 26112K, 0% used [0x00000000d5f00000,0x00000000d5f00000,0x00000000d7880000)
  from space 512K, 18% used [0x00000000d8980000,0x00000000d8998000,0x00000000d8a00000)
  to   space 512K, 0% used [0x00000000d8900000,0x00000000d8900000,0x00000000d8980000)
 ParOldGen       total 87552K, used 22823K [0x0000000081c00000, 0x0000000087180000, 0x00000000d5f00000)
  object space 87552K, 26% used [0x0000000081c00000,0x0000000083249fb8,0x0000000087180000)
 Metaspace       used 19926K, capacity 20206K, committed 20608K, reserved 1067008K
  class space    used 2346K, capacity 2412K, committed 2432K, reserved 1048576K
}
Event: 2227.530 GC heap before
{Heap before GC invocations=181 (full 0):
 PSYoungGen      total 26624K, used 26208K [0x00000000d5f00000, 0x00000000d8a00000, 0x0000000100000000)
  eden space 26112K, 100% used [0x00000000d5f00000,0x00000000d7880000,0x00000000d7880000)
  from space 512K, 18% used [0x00000000d8980000,0x00000000d8998000,0x00000000d8a00000)
  to   space 512K, 0% used [0x00000000d8900000,0x00000000d8900000,0x00000000d8980000)
 ParOldGen       total 87552K, used 22823K [0x0000000081c00000, 0x0000000087180000, 0x00000000d5f00000)
  object space 87552K, 26% used [0x0000000081c00000,0x0000000083249fb8,0x0000000087180000)
 Metaspace       used 19936K, capacity 20206K, committed 20608K, reserved 1067008K
  class space    used 2346K, capacity 2412K, committed 2432K, reserved 1048576K
Event: 2227.531 GC heap after
Heap after GC invocations=181 (full 0):
 PSYoungGen      total 26112K, used 96K [0x00000000d5f00000, 0x00000000d8a00000, 0x0000000100000000)
  eden space 25600K, 0% used [0x00000000d5f00000,0x00000000d5f00000,0x00000000d7800000)
  from space 512K, 18% used [0x00000000d8900000,0x00000000d8918000,0x00000000d8980000)
  to   space 512K, 0% used [0x00000000d8980000,0x00000000d8980000,0x00000000d8a00000)
 ParOldGen       total 87552K, used 22854K [0x0000000081c00000, 0x0000000087180000, 0x00000000d5f00000)
  object space 87552K, 26% used [0x0000000081c00000,0x0000000083251808,0x0000000087180000)
 Metaspace       used 19936K, capacity 20206K, committed 20608K, reserved 1067008K
  class space    used 2346K, capacity 2412K, committed 2432K, reserved 1048576K
}
Event: 2229.103 GC heap before
{Heap before GC invocations=182 (full 0):
 PSYoungGen      total 26112K, used 25696K [0x00000000d5f00000, 0x00000000d8a00000, 0x0000000100000000)
  eden space 25600K, 100% used [0x00000000d5f00000,0x00000000d7800000,0x00000000d7800000)
  from space 512K, 18% used [0x00000000d8900000,0x00000000d8918000,0x00000000d8980000)
  to   space 512K, 0% used [0x00000000d8980000,0x00000000d8980000,0x00000000d8a00000)
 ParOldGen       total 87552K, used 22854K [0x0000000081c00000, 0x0000000087180000, 0x00000000d5f00000)
  object space 87552K, 26% used [0x0000000081c00000,0x0000000083251808,0x0000000087180000)
 Metaspace       used 19939K, capacity 20206K, committed 20608K, reserved 1067008K
  class space    used 2346K, capacity 2412K, committed 2432K, reserved 1048576K
Event: 2229.104 GC heap after
Heap after GC invocations=182 (full 0):
 PSYoungGen      total 25600K, used 96K [0x00000000d5f00000, 0x00000000d8a00000, 0x0000000100000000)
  eden space 25088K, 0% used [0x00000000d5f00000,0x00000000d5f00000,0x00000000d7780000)
  from space 512K, 18% used [0x00000000d8980000,0x00000000d8998000,0x00000000d8a00000)
  to   space 512K, 0% used [0x00000000d8900000,0x00000000d8900000,0x00000000d8980000)
 ParOldGen       total 87552K, used 22878K [0x0000000081c00000, 0x0000000087180000, 0x00000000d5f00000)
  object space 87552K, 26% used [0x0000000081c00000,0x0000000083257808,0x0000000087180000)
 Metaspace       used 19939K, capacity 20206K, committed 20608K, reserved 1067008K
  class space    used 2346K, capacity 2412K, committed 2432K, reserved 1048576K
}
Event: 2229.472 GC heap before
{Heap before GC invocations=183 (full 0):
 PSYoungGen      total 25600K, used 25184K [0x00000000d5f00000, 0x00000000d8a00000, 0x0000000100000000)
  eden space 25088K, 100% used [0x00000000d5f00000,0x00000000d7780000,0x00000000d7780000)
  from space 512K, 18% used [0x00000000d8980000,0x00000000d8998000,0x00000000d8a00000)
  to   space 512K, 0% used [0x00000000d8900000,0x00000000d8900000,0x00000000d8980000)
 ParOldGen       total 87552K, used 22878K [0x0000000081c00000, 0x0000000087180000, 0x00000000d5f00000)
  object space 87552K, 26% used [0x0000000081c00000,0x0000000083257808,0x0000000087180000)
 Metaspace       used 19939K, capacity 20206K, committed 20608K, reserved 1067008K
  class space    used 2346K, capacity 2412K, committed 2432K, reserved 1048576K
Event: 2229.473 GC heap after
Heap after GC invocations=183 (full 0):
 PSYoungGen      total 25088K, used 96K [0x00000000d5f00000, 0x00000000d8a00000, 0x0000000100000000)
  eden space 24576K, 0% used [0x00000000d5f00000,0x00000000d5f00000,0x00000000d7700000)
  from space 512K, 18% used [0x00000000d8900000,0x00000000d8918000,0x00000000d8980000)
  to   space 512K, 0% used [0x00000000d8980000,0x00000000d8980000,0x00000000d8a00000)
 ParOldGen       total 87552K, used 22894K [0x0000000081c00000, 0x0000000087180000, 0x00000000d5f00000)
  object space 87552K, 26% used [0x0000000081c00000,0x000000008325b808,0x0000000087180000)
 Metaspace       used 19939K, capacity 20206K, committed 20608K, reserved 1067008K
  class space    used 2346K, capacity 2412K, committed 2432K, reserved 1048576K
}

