# JRE version: Java(TM) SE Runtime Environment (8.0_191-b12) (build 1.8.0_191-b12)
# Java VM: Java HotSpot(TM) 64-Bit Server VM (25.191-b12 mixed mode windows-amd64 compressed oops)
Heap:
 PSYoungGen      total 29184K, used 4218K [0x00000000d5f00000, 0x00000000d8080000, 0x0000000100000000)
  eden space 24064K, 17% used [0x00000000d5f00000,0x00000000d6306af8,0x00000000d7680000)
  from space 5120K, 1% used [0x00000000d7680000,0x00000000d7698000,0x00000000d7b80000)
  to   space 5120K, 0% used [0x00000000d7b80000,0x00000000d7b80000,0x00000000d8080000)
 ParOldGen       total 87552K, used 10693K [0x0000000081c00000, 0x0000000087180000, 0x00000000d5f00000)
  object space 87552K, 12% used [0x0000000081c00000,0x00000000826717e0,0x0000000087180000)
 Metaspace       used 19818K, capacity 20118K, committed 20352K, reserved 1067008K
  class space    used 2320K, capacity 2408K, committed 2432K, reserved 1048576K
GC Heap History (10 events):
Event: 1310.266 GC heap before
{Heap before GC invocations=21 (full 0):
 PSYoungGen      total 31232K, used 25184K [0x00000000d5f00000, 0x00000000d8480000, 0x0000000100000000)
  eden space 25088K, 100% used [0x00000000d5f00000,0x00000000d7780000,0x00000000d7780000)
  from space 6144K, 1% used [0x00000000d7e80000,0x00000000d7e98000,0x00000000d8480000)
  to   space 6656K, 0% used [0x00000000d7780000,0x00000000d7780000,0x00000000d7e00000)
 ParOldGen       total 87552K, used 10613K [0x0000000081c00000, 0x0000000087180000, 0x00000000d5f00000)
  object space 87552K, 12% used [0x0000000081c00000,0x000000008265d7e0,0x0000000087180000)
 Metaspace       used 19696K, capacity 19990K, committed 20352K, reserved 1067008K
  class space    used 2319K, capacity 2408K, committed 2432K, reserved 1048576K
Event: 1310.271 GC heap after
Heap after GC invocations=21 (full 0):
 PSYoungGen      total 25088K, used 128K [0x00000000d5f00000, 0x00000000d8300000, 0x0000000100000000)
  eden space 24576K, 0% used [0x00000000d5f00000,0x00000000d5f00000,0x00000000d7700000)
  from space 512K, 25% used [0x00000000d7780000,0x00000000d77a0000,0x00000000d7800000)
  to   space 6144K, 0% used [0x00000000d7d00000,0x00000000d7d00000,0x00000000d8300000)
 ParOldGen       total 87552K, used 10629K [0x0000000081c00000, 0x0000000087180000, 0x00000000d5f00000)
  object space 87552K, 12% used [0x0000000081c00000,0x00000000826617e0,0x0000000087180000)
 Metaspace       used 19696K, capacity 19990K, committed 20352K, reserved 1067008K
  class space    used 2319K, capacity 2408K, committed 2432K, reserved 1048576K
}
Event: 1331.851 GC heap before
{Heap before GC invocations=22 (full 0):
 PSYoungGen      total 25088K, used 24704K [0x00000000d5f00000, 0x00000000d8300000, 0x0000000100000000)
  eden space 24576K, 100% used [0x00000000d5f00000,0x00000000d7700000,0x00000000d7700000)
  from space 512K, 25% used [0x00000000d7780000,0x00000000d77a0000,0x00000000d7800000)
  to   space 6144K, 0% used [0x00000000d7d00000,0x00000000d7d00000,0x00000000d8300000)
 ParOldGen       total 87552K, used 10629K [0x0000000081c00000, 0x0000000087180000, 0x00000000d5f00000)
  object space 87552K, 12% used [0x0000000081c00000,0x00000000826617e0,0x0000000087180000)
 Metaspace       used 19727K, capacity 19990K, committed 20352K, reserved 1067008K
  class space    used 2319K, capacity 2408K, committed 2432K, reserved 1048576K
Event: 1331.855 GC heap after
Heap after GC invocations=22 (full 0):
 PSYoungGen      total 28672K, used 96K [0x00000000d5f00000, 0x00000000d8180000, 0x0000000100000000)
  eden space 24064K, 0% used [0x00000000d5f00000,0x00000000d5f00000,0x00000000d7680000)
  from space 4608K, 2% used [0x00000000d7d00000,0x00000000d7d18000,0x00000000d8180000)
  to   space 5632K, 0% used [0x00000000d7680000,0x00000000d7680000,0x00000000d7c00000)
 ParOldGen       total 87552K, used 10645K [0x0000000081c00000, 0x0000000087180000, 0x00000000d5f00000)
  object space 87552K, 12% used [0x0000000081c00000,0x00000000826657e0,0x0000000087180000)
 Metaspace       used 19727K, capacity 19990K, committed 20352K, reserved 1067008K
  class space    used 2319K, capacity 2408K, committed 2432K, reserved 1048576K
}
Event: 1344.192 GC heap before
{Heap before GC invocations=23 (full 0):
 PSYoungGen      total 28672K, used 24160K [0x00000000d5f00000, 0x00000000d8180000, 0x0000000100000000)
  eden space 24064K, 100% used [0x00000000d5f00000,0x00000000d7680000,0x00000000d7680000)
  from space 4608K, 2% used [0x00000000d7d00000,0x00000000d7d18000,0x00000000d8180000)
  to   space 5632K, 0% used [0x00000000d7680000,0x00000000d7680000,0x00000000d7c00000)
 ParOldGen       total 87552K, used 10645K [0x0000000081c00000, 0x0000000087180000, 0x00000000d5f00000)
  object space 87552K, 12% used [0x0000000081c00000,0x00000000826657e0,0x0000000087180000)
 Metaspace       used 19727K, capacity 19990K, committed 20352K, reserved 1067008K
  class space    used 2319K, capacity 2408K, committed 2432K, reserved 1048576K
Event: 1344.193 GC heap after
Heap after GC invocations=23 (full 0):
 PSYoungGen      total 29696K, used 96K [0x00000000d5f00000, 0x00000000d8180000, 0x0000000100000000)
  eden space 24064K, 0% used [0x00000000d5f00000,0x00000000d5f00000,0x00000000d7680000)
  from space 5632K, 1% used [0x00000000d7680000,0x00000000d7698000,0x00000000d7c00000)
  to   space 5632K, 0% used [0x00000000d7c00000,0x00000000d7c00000,0x00000000d8180000)
 ParOldGen       total 87552K, used 10661K [0x0000000081c00000, 0x0000000087180000, 0x00000000d5f00000)
  object space 87552K, 12% used [0x0000000081c00000,0x00000000826697e0,0x0000000087180000)
 Metaspace       used 19727K, capacity 19990K, committed 20352K, reserved 1067008K
  class space    used 2319K, capacity 2408K, committed 2432K, reserved 1048576K
}
Event: 1347.425 GC heap before
{Heap before GC invocations=24 (full 0):
 PSYoungGen      total 29696K, used 24160K [0x00000000d5f00000, 0x00000000d8180000, 0x0000000100000000)
  eden space 24064K, 100% used [0x00000000d5f00000,0x00000000d7680000,0x00000000d7680000)
  from space 5632K, 1% used [0x00000000d7680000,0x00000000d7698000,0x00000000d7c00000)
  to   space 5632K, 0% used [0x00000000d7c00000,0x00000000d7c00000,0x00000000d8180000)
 ParOldGen       total 87552K, used 10661K [0x0000000081c00000, 0x0000000087180000, 0x00000000d5f00000)
  object space 87552K, 12% used [0x0000000081c00000,0x00000000826697e0,0x0000000087180000)
 Metaspace       used 19727K, capacity 19990K, committed 20352K, reserved 1067008K
  class space    used 2319K, capacity 2408K, committed 2432K, reserved 1048576K
Event: 1347.428 GC heap after
Heap after GC invocations=24 (full 0):
 PSYoungGen      total 28672K, used 96K [0x00000000d5f00000, 0x00000000d8080000, 0x0000000100000000)
  eden space 24064K, 0% used [0x00000000d5f00000,0x00000000d5f00000,0x00000000d7680000)
  from space 4608K, 2% used [0x00000000d7c00000,0x00000000d7c18000,0x00000000d8080000)
  to   space 5120K, 0% used [0x00000000d7680000,0x00000000d7680000,0x00000000d7b80000)
 ParOldGen       total 87552K, used 10677K [0x0000000081c00000, 0x0000000087180000, 0x00000000d5f00000)
  object space 87552K, 12% used [0x0000000081c00000,0x000000008266d7e0,0x0000000087180000)
 Metaspace       used 19727K, capacity 19990K, committed 20352K, reserved 1067008K
  class space    used 2319K, capacity 2408K, committed 2432K, reserved 1048576K
}
Event: 1388.762 GC heap before
{Heap before GC invocations=25 (full 0):
 PSYoungGen      total 28672K, used 24160K [0x00000000d5f00000, 0x00000000d8080000, 0x0000000100000000)
  eden space 24064K, 100% used [0x00000000d5f00000,0x00000000d7680000,0x00000000d7680000)
  from space 4608K, 2% used [0x00000000d7c00000,0x00000000d7c18000,0x00000000d8080000)
  to   space 5120K, 0% used [0x00000000d7680000,0x00000000d7680000,0x00000000d7b80000)
 ParOldGen       total 87552K, used 10677K [0x0000000081c00000, 0x0000000087180000, 0x00000000d5f00000)
  object space 87552K, 12% used [0x0000000081c00000,0x000000008266d7e0,0x0000000087180000)
 Metaspace       used 19727K, capacity 19990K, committed 20352K, reserved 1067008K
  class space    used 2319K, capacity 2408K, committed 2432K, reserved 1048576K
Event: 1388.765 GC heap after
Heap after GC invocations=25 (full 0):
 PSYoungGen      total 29184K, used 96K [0x00000000d5f00000, 0x00000000d8080000, 0x0000000100000000)
  eden space 24064K, 0% used [0x00000000d5f00000,0x00000000d5f00000,0x00000000d7680000)
  from space 5120K, 1% used [0x00000000d7680000,0x00000000d7698000,0x00000000d7b80000)
  to   space 5120K, 0% used [0x00000000d7b80000,0x00000000d7b80000,0x00000000d8080000)
 ParOldGen       total 87552K, used 10693K [0x0000000081c00000, 0x0000000087180000, 0x00000000d5f00000)
  object space 87552K, 12% used [0x0000000081c00000,0x00000000826717e0,0x0000000087180000)
 Metaspace       used 19727K, capacity 19990K, committed 20352K, reserved 1067008K
  class space    used 2319K, capacity 2408K, committed 2432K, reserved 1048576K
}

