# JRE version: Java(TM) SE Runtime Environment (8.0_191-b12) (build 1.8.0_191-b12)
# Java VM: Java HotSpot(TM) 64-Bit Server VM (25.191-b12 mixed mode windows-amd64 compressed oops)
Heap:
 PSYoungGen      total 40448K, used 18653K [0x00000000d5f00000, 0x00000000d9080000, 0x0000000100000000)
  eden space 31232K, 58% used [0x00000000d5f00000,0x00000000d70fa0f0,0x00000000d7d80000)
  from space 9216K, 2% used [0x00000000d8700000,0x00000000d873d4c8,0x00000000d9000000)
  to   space 9728K, 0% used [0x00000000d7d80000,0x00000000d7d80000,0x00000000d8700000)
 ParOldGen       total 87552K, used 10570K [0x0000000081c00000, 0x0000000087180000, 0x00000000d5f00000)
  object space 87552K, 12% used [0x0000000081c00000,0x0000000082652950,0x0000000087180000)
 Metaspace       used 20057K, capacity 20380K, committed 20736K, reserved 1067008K
  class space    used 2362K, capacity 2473K, committed 2560K, reserved 1048576K
GC Heap History (10 events):
Event: 23.982 GC heap before
{Heap before GC invocations=4 (full 0):
 PSYoungGen      total 38400K, used 38368K [0x00000000d5f00000, 0x00000000d8980000, 0x0000000100000000)
  eden space 33280K, 100% used [0x00000000d5f00000,0x00000000d7f80000,0x00000000d7f80000)
  from space 5120K, 99% used [0x00000000d7f80000,0x00000000d8478158,0x00000000d8480000)
  to   space 5120K, 0% used [0x00000000d8480000,0x00000000d8480000,0x00000000d8980000)
 ParOldGen       total 87552K, used 5389K [0x0000000081c00000, 0x0000000087180000, 0x00000000d5f00000)
  object space 87552K, 6% used [0x0000000081c00000,0x0000000082143618,0x0000000087180000)
 Metaspace       used 19359K, capacity 19628K, committed 19968K, reserved 1067008K
  class space    used 2352K, capacity 2439K, committed 2560K, reserved 1048576K
Event: 23.987 GC heap after
Heap after GC invocations=4 (full 0):
 PSYoungGen      total 38400K, used 5107K [0x00000000d5f00000, 0x00000000d8980000, 0x0000000100000000)
  eden space 33280K, 0% used [0x00000000d5f00000,0x00000000d5f00000,0x00000000d7f80000)
  from space 5120K, 99% used [0x00000000d8480000,0x00000000d897cf00,0x00000000d8980000)
  to   space 5120K, 0% used [0x00000000d7f80000,0x00000000d7f80000,0x00000000d8480000)
 ParOldGen       total 87552K, used 5549K [0x0000000081c00000, 0x0000000087180000, 0x00000000d5f00000)
  object space 87552K, 6% used [0x0000000081c00000,0x000000008216b618,0x0000000087180000)
 Metaspace       used 19359K, capacity 19628K, committed 19968K, reserved 1067008K
  class space    used 2352K, capacity 2439K, committed 2560K, reserved 1048576K
}
Event: 67.161 GC heap before
{Heap before GC invocations=5 (full 0):
 PSYoungGen      total 38400K, used 38387K [0x00000000d5f00000, 0x00000000d8980000, 0x0000000100000000)
  eden space 33280K, 100% used [0x00000000d5f00000,0x00000000d7f80000,0x00000000d7f80000)
  from space 5120K, 99% used [0x00000000d8480000,0x00000000d897cf00,0x00000000d8980000)
  to   space 5120K, 0% used [0x00000000d7f80000,0x00000000d7f80000,0x00000000d8480000)
 ParOldGen       total 87552K, used 5549K [0x0000000081c00000, 0x0000000087180000, 0x00000000d5f00000)
  object space 87552K, 6% used [0x0000000081c00000,0x000000008216b618,0x0000000087180000)
 Metaspace       used 19459K, capacity 19764K, committed 20224K, reserved 1067008K
  class space    used 2353K, capacity 2439K, committed 2560K, reserved 1048576K
Event: 67.178 GC heap after
Heap after GC invocations=5 (full 0):
 PSYoungGen      total 37888K, used 5097K [0x00000000d5f00000, 0x00000000d9000000, 0x0000000100000000)
  eden space 32768K, 0% used [0x00000000d5f00000,0x00000000d5f00000,0x00000000d7f00000)
  from space 5120K, 99% used [0x00000000d7f80000,0x00000000d847a558,0x00000000d8480000)
  to   space 8704K, 0% used [0x00000000d8780000,0x00000000d8780000,0x00000000d9000000)
 ParOldGen       total 87552K, used 5612K [0x0000000081c00000, 0x0000000087180000, 0x00000000d5f00000)
  object space 87552K, 6% used [0x0000000081c00000,0x000000008217b1b0,0x0000000087180000)
 Metaspace       used 19459K, capacity 19764K, committed 20224K, reserved 1067008K
  class space    used 2353K, capacity 2439K, committed 2560K, reserved 1048576K
}
Event: 139.182 GC heap before
{Heap before GC invocations=6 (full 0):
 PSYoungGen      total 37888K, used 37865K [0x00000000d5f00000, 0x00000000d9000000, 0x0000000100000000)
  eden space 32768K, 100% used [0x00000000d5f00000,0x00000000d7f00000,0x00000000d7f00000)
  from space 5120K, 99% used [0x00000000d7f80000,0x00000000d847a558,0x00000000d8480000)
  to   space 8704K, 0% used [0x00000000d8780000,0x00000000d8780000,0x00000000d9000000)
 ParOldGen       total 87552K, used 5612K [0x0000000081c00000, 0x0000000087180000, 0x00000000d5f00000)
  object space 87552K, 6% used [0x0000000081c00000,0x000000008217b1b0,0x0000000087180000)
 Metaspace       used 19534K, capacity 19828K, committed 20224K, reserved 1067008K
  class space    used 2355K, capacity 2439K, committed 2560K, reserved 1048576K
Event: 139.189 GC heap after
Heap after GC invocations=6 (full 0):
 PSYoungGen      total 40448K, used 5180K [0x00000000d5f00000, 0x00000000d8f80000, 0x0000000100000000)
  eden space 32256K, 0% used [0x00000000d5f00000,0x00000000d5f00000,0x00000000d7e80000)
  from space 8192K, 63% used [0x00000000d8780000,0x00000000d8c8f3a8,0x00000000d8f80000)
  to   space 8704K, 0% used [0x00000000d7e80000,0x00000000d7e80000,0x00000000d8700000)
 ParOldGen       total 87552K, used 5612K [0x0000000081c00000, 0x0000000087180000, 0x00000000d5f00000)
  object space 87552K, 6% used [0x0000000081c00000,0x000000008217b1b0,0x0000000087180000)
 Metaspace       used 19534K, capacity 19828K, committed 20224K, reserved 1067008K
  class space    used 2355K, capacity 2439K, committed 2560K, reserved 1048576K
}
Event: 1767.147 GC heap before
{Heap before GC invocations=7 (full 0):
 PSYoungGen      total 40448K, used 37436K [0x00000000d5f00000, 0x00000000d8f80000, 0x0000000100000000)
  eden space 32256K, 100% used [0x00000000d5f00000,0x00000000d7e80000,0x00000000d7e80000)
  from space 8192K, 63% used [0x00000000d8780000,0x00000000d8c8f3a8,0x00000000d8f80000)
  to   space 8704K, 0% used [0x00000000d7e80000,0x00000000d7e80000,0x00000000d8700000)
 ParOldGen       total 87552K, used 5612K [0x0000000081c00000, 0x0000000087180000, 0x00000000d5f00000)
  object space 87552K, 6% used [0x0000000081c00000,0x000000008217b1b0,0x0000000087180000)
 Metaspace       used 19757K, capacity 20020K, committed 20480K, reserved 1067008K
  class space    used 2358K, capacity 2439K, committed 2560K, reserved 1048576K
Event: 1767.162 GC heap after
Heap after GC invocations=7 (full 0):
 PSYoungGen      total 40448K, used 1382K [0x00000000d5f00000, 0x00000000d9000000, 0x0000000100000000)
  eden space 31744K, 0% used [0x00000000d5f00000,0x00000000d5f00000,0x00000000d7e00000)
  from space 8704K, 15% used [0x00000000d7e80000,0x00000000d7fd9810,0x00000000d8700000)
  to   space 9216K, 0% used [0x00000000d8700000,0x00000000d8700000,0x00000000d9000000)
 ParOldGen       total 87552K, used 9342K [0x0000000081c00000, 0x0000000087180000, 0x00000000d5f00000)
  object space 87552K, 10% used [0x0000000081c00000,0x000000008251f948,0x0000000087180000)
 Metaspace       used 19757K, capacity 20020K, committed 20480K, reserved 1067008K
  class space    used 2358K, capacity 2439K, committed 2560K, reserved 1048576K
}
Event: 2430.923 GC heap before
{Heap before GC invocations=8 (full 0):
 PSYoungGen      total 40448K, used 33126K [0x00000000d5f00000, 0x00000000d9000000, 0x0000000100000000)
  eden space 31744K, 100% used [0x00000000d5f00000,0x00000000d7e00000,0x00000000d7e00000)
  from space 8704K, 15% used [0x00000000d7e80000,0x00000000d7fd9810,0x00000000d8700000)
  to   space 9216K, 0% used [0x00000000d8700000,0x00000000d8700000,0x00000000d9000000)
 ParOldGen       total 87552K, used 9342K [0x0000000081c00000, 0x0000000087180000, 0x00000000d5f00000)
  object space 87552K, 10% used [0x0000000081c00000,0x000000008251f948,0x0000000087180000)
 Metaspace       used 19954K, capacity 20212K, committed 20736K, reserved 1067008K
  class space    used 2360K, capacity 2439K, committed 2560K, reserved 1048576K
Event: 2430.929 GC heap after
Heap after GC invocations=8 (full 0):
 PSYoungGen      total 40448K, used 245K [0x00000000d5f00000, 0x00000000d9080000, 0x0000000100000000)
  eden space 31232K, 0% used [0x00000000d5f00000,0x00000000d5f00000,0x00000000d7d80000)
  from space 9216K, 2% used [0x00000000d8700000,0x00000000d873d4c8,0x00000000d9000000)
  to   space 9728K, 0% used [0x00000000d7d80000,0x00000000d7d80000,0x00000000d8700000)
 ParOldGen       total 87552K, used 10570K [0x0000000081c00000, 0x0000000087180000, 0x00000000d5f00000)
  object space 87552K, 12% used [0x0000000081c00000,0x0000000082652950,0x0000000087180000)
 Metaspace       used 19954K, capacity 20212K, committed 20736K, reserved 1067008K
  class space    used 2360K, capacity 2439K, committed 2560K, reserved 1048576K
}

