# JRE version: Java(TM) SE Runtime Environment (8.0_191-b12) (build 1.8.0_191-b12)
# Java VM: Java HotSpot(TM) 64-Bit Server VM (25.191-b12 mixed mode windows-amd64 compressed oops)
Heap:
 PSYoungGen      total 29696K, used 29008K [0x00000000d5f00000, 0x00000000dbc80000, 0x0000000100000000)
  eden space 29184K, 99% used [0x00000000d5f00000,0x00000000d7b3c0d8,0x00000000d7b80000)
  from space 512K, 18% used [0x00000000dbc00000,0x00000000dbc18000,0x00000000dbc80000)
  to   space 512K, 0% used [0x00000000dbb80000,0x00000000dbb80000,0x00000000dbc00000)
 ParOldGen       total 43008K, used 14072K [0x0000000081c00000, 0x0000000084600000, 0x00000000d5f00000)
  object space 43008K, 32% used [0x0000000081c00000,0x00000000829be388,0x0000000084600000)
 Metaspace       used 21145K, capacity 21552K, committed 21760K, reserved 1069056K
  class space    used 2407K, capacity 2509K, committed 2560K, reserved 1048576K
GC Heap History (10 events):
Event: 7692.935 GC heap before
{Heap before GC invocations=353 (full 1):
 PSYoungGen      total 24576K, used 24160K [0x00000000d5f00000, 0x00000000dbc80000, 0x0000000100000000)
  eden space 24064K, 100% used [0x00000000d5f00000,0x00000000d7680000,0x00000000d7680000)
  from space 512K, 18% used [0x00000000dbb80000,0x00000000dbb98000,0x00000000dbc00000)
  to   space 512K, 0% used [0x00000000dbc00000,0x00000000dbc00000,0x00000000dbc80000)
 ParOldGen       total 43008K, used 13976K [0x0000000081c00000, 0x0000000084600000, 0x00000000d5f00000)
  object space 43008K, 32% used [0x0000000081c00000,0x00000000829a6388,0x0000000084600000)
 Metaspace       used 21125K, capacity 21488K, committed 21760K, reserved 1069056K
  class space    used 2407K, capacity 2509K, committed 2560K, reserved 1048576K
Event: 7692.936 GC heap after
Heap after GC invocations=353 (full 1):
 PSYoungGen      total 24576K, used 96K [0x00000000d5f00000, 0x00000000dbc80000, 0x0000000100000000)
  eden space 24064K, 0% used [0x00000000d5f00000,0x00000000d5f00000,0x00000000d7680000)
  from space 512K, 18% used [0x00000000dbc00000,0x00000000dbc18000,0x00000000dbc80000)
  to   space 512K, 0% used [0x00000000dbb80000,0x00000000dbb80000,0x00000000dbc00000)
 ParOldGen       total 43008K, used 13992K [0x0000000081c00000, 0x0000000084600000, 0x00000000d5f00000)
  object space 43008K, 32% used [0x0000000081c00000,0x00000000829aa388,0x0000000084600000)
 Metaspace       used 21125K, capacity 21488K, committed 21760K, reserved 1069056K
  class space    used 2407K, capacity 2509K, committed 2560K, reserved 1048576K
}
Event: 7693.319 GC heap before
{Heap before GC invocations=354 (full 1):
 PSYoungGen      total 24576K, used 24160K [0x00000000d5f00000, 0x00000000dbc80000, 0x0000000100000000)
  eden space 24064K, 100% used [0x00000000d5f00000,0x00000000d7680000,0x00000000d7680000)
  from space 512K, 18% used [0x00000000dbc00000,0x00000000dbc18000,0x00000000dbc80000)
  to   space 512K, 0% used [0x00000000dbb80000,0x00000000dbb80000,0x00000000dbc00000)
 ParOldGen       total 43008K, used 13992K [0x0000000081c00000, 0x0000000084600000, 0x00000000d5f00000)
  object space 43008K, 32% used [0x0000000081c00000,0x00000000829aa388,0x0000000084600000)
 Metaspace       used 21125K, capacity 21488K, committed 21760K, reserved 1069056K
  class space    used 2407K, capacity 2509K, committed 2560K, reserved 1048576K
Event: 7693.320 GC heap after
Heap after GC invocations=354 (full 1):
 PSYoungGen      total 24576K, used 64K [0x00000000d5f00000, 0x00000000dbc80000, 0x0000000100000000)
  eden space 24064K, 0% used [0x00000000d5f00000,0x00000000d5f00000,0x00000000d7680000)
  from space 512K, 12% used [0x00000000dbb80000,0x00000000dbb90000,0x00000000dbc00000)
  to   space 512K, 0% used [0x00000000dbc00000,0x00000000dbc00000,0x00000000dbc80000)
 ParOldGen       total 43008K, used 14008K [0x0000000081c00000, 0x0000000084600000, 0x00000000d5f00000)
  object space 43008K, 32% used [0x0000000081c00000,0x00000000829ae388,0x0000000084600000)
 Metaspace       used 21125K, capacity 21488K, committed 21760K, reserved 1069056K
  class space    used 2407K, capacity 2509K, committed 2560K, reserved 1048576K
}
Event: 7693.974 GC heap before
{Heap before GC invocations=355 (full 1):
 PSYoungGen      total 24576K, used 24128K [0x00000000d5f00000, 0x00000000dbc80000, 0x0000000100000000)
  eden space 24064K, 100% used [0x00000000d5f00000,0x00000000d7680000,0x00000000d7680000)
  from space 512K, 12% used [0x00000000dbb80000,0x00000000dbb90000,0x00000000dbc00000)
  to   space 512K, 0% used [0x00000000dbc00000,0x00000000dbc00000,0x00000000dbc80000)
 ParOldGen       total 43008K, used 14008K [0x0000000081c00000, 0x0000000084600000, 0x00000000d5f00000)
  object space 43008K, 32% used [0x0000000081c00000,0x00000000829ae388,0x0000000084600000)
 Metaspace       used 21125K, capacity 21488K, committed 21760K, reserved 1069056K
  class space    used 2407K, capacity 2509K, committed 2560K, reserved 1048576K
Event: 7693.975 GC heap after
Heap after GC invocations=355 (full 1):
 PSYoungGen      total 24576K, used 96K [0x00000000d5f00000, 0x00000000dbc80000, 0x0000000100000000)
  eden space 24064K, 0% used [0x00000000d5f00000,0x00000000d5f00000,0x00000000d7680000)
  from space 512K, 18% used [0x00000000dbc00000,0x00000000dbc18000,0x00000000dbc80000)
  to   space 512K, 0% used [0x00000000dbb80000,0x00000000dbb80000,0x00000000dbc00000)
 ParOldGen       total 43008K, used 14024K [0x0000000081c00000, 0x0000000084600000, 0x00000000d5f00000)
  object space 43008K, 32% used [0x0000000081c00000,0x00000000829b2388,0x0000000084600000)
 Metaspace       used 21125K, capacity 21488K, committed 21760K, reserved 1069056K
  class space    used 2407K, capacity 2509K, committed 2560K, reserved 1048576K
}
Event: 7694.465 GC heap before
{Heap before GC invocations=356 (full 1):
 PSYoungGen      total 24576K, used 24160K [0x00000000d5f00000, 0x00000000dbc80000, 0x0000000100000000)
  eden space 24064K, 100% used [0x00000000d5f00000,0x00000000d7680000,0x00000000d7680000)
  from space 512K, 18% used [0x00000000dbc00000,0x00000000dbc18000,0x00000000dbc80000)
  to   space 512K, 0% used [0x00000000dbb80000,0x00000000dbb80000,0x00000000dbc00000)
 ParOldGen       total 43008K, used 14024K [0x0000000081c00000, 0x0000000084600000, 0x00000000d5f00000)
  object space 43008K, 32% used [0x0000000081c00000,0x00000000829b2388,0x0000000084600000)
 Metaspace       used 21125K, capacity 21488K, committed 21760K, reserved 1069056K
  class space    used 2407K, capacity 2509K, committed 2560K, reserved 1048576K
Event: 7694.466 GC heap after
Heap after GC invocations=356 (full 1):
 PSYoungGen      total 24576K, used 96K [0x00000000d5f00000, 0x00000000dbc80000, 0x0000000100000000)
  eden space 24064K, 0% used [0x00000000d5f00000,0x00000000d5f00000,0x00000000d7680000)
  from space 512K, 18% used [0x00000000dbb80000,0x00000000dbb98000,0x00000000dbc00000)
  to   space 512K, 0% used [0x00000000dbc00000,0x00000000dbc00000,0x00000000dbc80000)
 ParOldGen       total 43008K, used 14048K [0x0000000081c00000, 0x0000000084600000, 0x00000000d5f00000)
  object space 43008K, 32% used [0x0000000081c00000,0x00000000829b8388,0x0000000084600000)
 Metaspace       used 21125K, capacity 21488K, committed 21760K, reserved 1069056K
  class space    used 2407K, capacity 2509K, committed 2560K, reserved 1048576K
}
Event: 7694.487 GC heap before
{Heap before GC invocations=357 (full 1):
 PSYoungGen      total 24576K, used 24160K [0x00000000d5f00000, 0x00000000dbc80000, 0x0000000100000000)
  eden space 24064K, 100% used [0x00000000d5f00000,0x00000000d7680000,0x00000000d7680000)
  from space 512K, 18% used [0x00000000dbb80000,0x00000000dbb98000,0x00000000dbc00000)
  to   space 512K, 0% used [0x00000000dbc00000,0x00000000dbc00000,0x00000000dbc80000)
 ParOldGen       total 43008K, used 14048K [0x0000000081c00000, 0x0000000084600000, 0x00000000d5f00000)
  object space 43008K, 32% used [0x0000000081c00000,0x00000000829b8388,0x0000000084600000)
 Metaspace       used 21125K, capacity 21488K, committed 21760K, reserved 1069056K
  class space    used 2407K, capacity 2509K, committed 2560K, reserved 1048576K
Event: 7694.488 GC heap after
Heap after GC invocations=357 (full 1):
 PSYoungGen      total 29696K, used 96K [0x00000000d5f00000, 0x00000000dbc80000, 0x0000000100000000)
  eden space 29184K, 0% used [0x00000000d5f00000,0x00000000d5f00000,0x00000000d7b80000)
  from space 512K, 18% used [0x00000000dbc00000,0x00000000dbc18000,0x00000000dbc80000)
  to   space 512K, 0% used [0x00000000dbb80000,0x00000000dbb80000,0x00000000dbc00000)
 ParOldGen       total 43008K, used 14072K [0x0000000081c00000, 0x0000000084600000, 0x00000000d5f00000)
  object space 43008K, 32% used [0x0000000081c00000,0x00000000829be388,0x0000000084600000)
 Metaspace       used 21125K, capacity 21488K, committed 21760K, reserved 1069056K
  class space    used 2407K, capacity 2509K, committed 2560K, reserved 1048576K
}

